{"C:\\Users\\Govin\\Desktop\\webdev\\project\\tmdb-backend\\app.js": {"path":"C:\\Users\\Govin\\Desktop\\webdev\\project\\tmdb-backend\\app.js","statementMap":{"0":{"start":{"line":1,"column":15},"end":{"line":1,"column":40}},"1":{"start":{"line":2,"column":16},"end":{"line":2,"column":34}},"2":{"start":{"line":3,"column":26},"end":{"line":3,"column":56}},"3":{"start":{"line":4,"column":12},"end":{"line":4,"column":21}},"4":{"start":{"line":5,"column":0},"end":{"line":5,"column":31}},"5":{"start":{"line":7,"column":13},"end":{"line":7,"column":28}},"6":{"start":{"line":9,"column":19},"end":{"line":23,"column":2}},"7":{"start":{"line":17,"column":23},"end":{"line":21,"column":9}},"8":{"start":{"line":24,"column":0},"end":{"line":24,"column":19}},"9":{"start":{"line":25,"column":20},"end":{"line":25,"column":50}},"10":{"start":{"line":26,"column":21},"end":{"line":26,"column":52}},"11":{"start":{"line":27,"column":17},"end":{"line":27,"column":36}},"12":{"start":{"line":29,"column":0},"end":{"line":33,"column":2}},"13":{"start":{"line":30,"column":4},"end":{"line":30,"column":39}},"14":{"start":{"line":32,"column":4},"end":{"line":32,"column":60}},"15":{"start":{"line":35,"column":0},"end":{"line":35,"column":15}},"16":{"start":{"line":36,"column":0},"end":{"line":36,"column":23}},"17":{"start":{"line":39,"column":0},"end":{"line":39,"column":36}},"18":{"start":{"line":40,"column":0},"end":{"line":40,"column":34}},"19":{"start":{"line":42,"column":0},"end":{"line":42,"column":21}}},"fnMap":{"0":{"name":"(anonymous_0)","decl":{"start":{"line":17,"column":13},"end":{"line":17,"column":14}},"loc":{"start":{"line":17,"column":23},"end":{"line":21,"column":9}},"line":17},"1":{"name":"(anonymous_1)","decl":{"start":{"line":29,"column":42},"end":{"line":29,"column":43}},"loc":{"start":{"line":29,"column":48},"end":{"line":31,"column":1}},"line":29},"2":{"name":"(anonymous_2)","decl":{"start":{"line":31,"column":9},"end":{"line":31,"column":10}},"loc":{"start":{"line":31,"column":16},"end":{"line":33,"column":1}},"line":31}},"branchMap":{},"s":{"0":2,"1":2,"2":2,"3":2,"4":2,"5":2,"6":2,"7":4,"8":2,"9":2,"10":2,"11":2,"12":2,"13":1,"14":0,"15":2,"16":2,"17":2,"18":2,"19":2},"f":{"0":4,"1":1,"2":0},"b":{},"_coverageSchema":"1a1c01bbd47fc00a2c39e90264f33305004495a9","hash":"571c4fb2d22d2f20ac845d6aab7ef9d727d29e7a"}
,"C:\\Users\\Govin\\Desktop\\webdev\\project\\tmdb-backend\\controllers\\movies.js": {"path":"C:\\Users\\Govin\\Desktop\\webdev\\project\\tmdb-backend\\controllers\\movies.js","statementMap":{"0":{"start":{"line":1,"column":21},"end":{"line":1,"column":48}},"1":{"start":{"line":2,"column":14},"end":{"line":2,"column":30}},"2":{"start":{"line":4,"column":0},"end":{"line":8,"column":2}},"3":{"start":{"line":5,"column":27},"end":{"line":5,"column":122}},"4":{"start":{"line":6,"column":4},"end":{"line":6,"column":46}},"5":{"start":{"line":7,"column":4},"end":{"line":7,"column":10}},"6":{"start":{"line":10,"column":0},"end":{"line":10,"column":30}}},"fnMap":{"0":{"name":"(anonymous_0)","decl":{"start":{"line":4,"column":22},"end":{"line":4,"column":23}},"loc":{"start":{"line":4,"column":48},"end":{"line":8,"column":1}},"line":4}},"branchMap":{},"s":{"0":2,"1":2,"2":2,"3":1,"4":1,"5":1,"6":2},"f":{"0":1},"b":{},"_coverageSchema":"1a1c01bbd47fc00a2c39e90264f33305004495a9","hash":"7188c30eb41974b5a9df1e33cb21875e392890f1"}
,"C:\\Users\\Govin\\Desktop\\webdev\\project\\tmdb-backend\\controllers\\users.js": {"path":"C:\\Users\\Govin\\Desktop\\webdev\\project\\tmdb-backend\\controllers\\users.js","statementMap":{"0":{"start":{"line":1,"column":20},"end":{"line":1,"column":47}},"1":{"start":{"line":2,"column":13},"end":{"line":2,"column":38}},"2":{"start":{"line":3,"column":15},"end":{"line":3,"column":32}},"3":{"start":{"line":5,"column":0},"end":{"line":24,"column":2}},"4":{"start":{"line":6,"column":57},"end":{"line":6,"column":65}},"5":{"start":{"line":7,"column":4},"end":{"line":9,"column":5}},"6":{"start":{"line":8,"column":8},"end":{"line":8,"column":70}},"7":{"start":{"line":11,"column":23},"end":{"line":11,"column":53}},"8":{"start":{"line":12,"column":4},"end":{"line":14,"column":5}},"9":{"start":{"line":13,"column":8},"end":{"line":13,"column":65}},"10":{"start":{"line":16,"column":23},"end":{"line":16,"column":25}},"11":{"start":{"line":17,"column":27},"end":{"line":17,"column":66}},"12":{"start":{"line":19,"column":17},"end":{"line":19,"column":60}},"13":{"start":{"line":21,"column":22},"end":{"line":21,"column":39}},"14":{"start":{"line":22,"column":4},"end":{"line":22,"column":35}},"15":{"start":{"line":23,"column":4},"end":{"line":23,"column":10}},"16":{"start":{"line":29,"column":0},"end":{"line":29,"column":29}}},"fnMap":{"0":{"name":"(anonymous_0)","decl":{"start":{"line":5,"column":22},"end":{"line":5,"column":23}},"loc":{"start":{"line":5,"column":48},"end":{"line":24,"column":1}},"line":5}},"branchMap":{"0":{"loc":{"start":{"line":7,"column":4},"end":{"line":9,"column":5}},"type":"if","locations":[{"start":{"line":7,"column":4},"end":{"line":9,"column":5}},{"start":{},"end":{}}],"line":7},"1":{"loc":{"start":{"line":12,"column":4},"end":{"line":14,"column":5}},"type":"if","locations":[{"start":{"line":12,"column":4},"end":{"line":14,"column":5}},{"start":{},"end":{}}],"line":12}},"s":{"0":2,"1":2,"2":2,"3":2,"4":3,"5":3,"6":1,"7":2,"8":2,"9":1,"10":1,"11":1,"12":1,"13":1,"14":1,"15":1,"16":2},"f":{"0":3},"b":{"0":[1,2],"1":[1,1]},"_coverageSchema":"1a1c01bbd47fc00a2c39e90264f33305004495a9","hash":"4aad2aa0a1bb948ec7f8619eef19d250e0b8a2a3"}
,"C:\\Users\\Govin\\Desktop\\webdev\\project\\tmdb-backend\\models\\user.js": {"path":"C:\\Users\\Govin\\Desktop\\webdev\\project\\tmdb-backend\\models\\user.js","statementMap":{"0":{"start":{"line":1,"column":17},"end":{"line":1,"column":36}},"1":{"start":{"line":3,"column":19},"end":{"line":7,"column":2}},"2":{"start":{"line":9,"column":0},"end":{"line":17,"column":3}},"3":{"start":{"line":11,"column":8},"end":{"line":11,"column":58}},"4":{"start":{"line":12,"column":8},"end":{"line":12,"column":34}},"5":{"start":{"line":13,"column":8},"end":{"line":13,"column":34}},"6":{"start":{"line":15,"column":8},"end":{"line":15,"column":45}},"7":{"start":{"line":20,"column":0},"end":{"line":20,"column":51}}},"fnMap":{"0":{"name":"(anonymous_0)","decl":{"start":{"line":10,"column":15},"end":{"line":10,"column":16}},"loc":{"start":{"line":10,"column":45},"end":{"line":16,"column":5}},"line":10}},"branchMap":{},"s":{"0":2,"1":2,"2":2,"3":1,"4":1,"5":1,"6":1,"7":2},"f":{"0":1},"b":{},"_coverageSchema":"1a1c01bbd47fc00a2c39e90264f33305004495a9","hash":"5b7796b8a68a834608dd19711e60d1351debe8ab"}
,"C:\\Users\\Govin\\Desktop\\webdev\\project\\tmdb-backend\\utils\\config.js": {"path":"C:\\Users\\Govin\\Desktop\\webdev\\project\\tmdb-backend\\utils\\config.js","statementMap":{"0":{"start":{"line":1,"column":0},"end":{"line":1,"column":27}},"1":{"start":{"line":3,"column":13},"end":{"line":3,"column":29}},"2":{"start":{"line":4,"column":20},"end":{"line":4,"column":108}},"3":{"start":{"line":6,"column":0},"end":{"line":6,"column":36}}},"fnMap":{},"branchMap":{"0":{"loc":{"start":{"line":4,"column":20},"end":{"line":4,"column":108}},"type":"cond-expr","locations":[{"start":{"line":4,"column":54},"end":{"line":4,"column":82}},{"start":{"line":4,"column":85},"end":{"line":4,"column":108}}],"line":4}},"s":{"0":2,"1":2,"2":2,"3":2},"f":{},"b":{"0":[2,0]},"_coverageSchema":"1a1c01bbd47fc00a2c39e90264f33305004495a9","hash":"c1aaf81ad31d287704c0542aeee8c76ed0fa80d0"}
}
